08/28/2013 08:28:13 | testadminuser | Exception | NHibernate.Exceptions.GenericADOException: could not execute query
[ SELECT this_.name as name0_0_, this_.Acquire as Acquire0_0_, this_.LogicalId as LogicalId0_0_, this_.CreatedBy as CreatedBy0_0_, this_.CreatedDate as CreatedD5_0_0_, this_.LastModifiedBy as LastModi6_0_0_, this_.LastModifiedDate as LastModi7_0_0_, this_.IsDeleted as IsDeleted0_0_ FROM MCP_Acquirer this_ ]
[SQL: SELECT this_.name as name0_0_, this_.Acquire as Acquire0_0_, this_.LogicalId as LogicalId0_0_, this_.CreatedBy as CreatedBy0_0_, this_.CreatedDate as CreatedD5_0_0_, this_.LastModifiedBy as LastModi6_0_0_, this_.LastModifiedDate as LastModi7_0_0_, this_.IsDeleted as IsDeleted0_0_ FROM MCP_Acquirer this_] ---> System.Data.SqlClient.SqlException: Invalid column name 'Acquire'.
   at System.Data.SqlClient.SqlConnection.OnError(SqlException exception, Boolean breakConnection, Action`1 wrapCloseInAction)
   at System.Data.SqlClient.SqlInternalConnection.OnError(SqlException exception, Boolean breakConnection, Action`1 wrapCloseInAction)
   at System.Data.SqlClient.TdsParser.ThrowExceptionAndWarning(TdsParserStateObject stateObj, Boolean callerHasConnectionLock, Boolean asyncClose)
   at System.Data.SqlClient.TdsParser.TryRun(RunBehavior runBehavior, SqlCommand cmdHandler, SqlDataReader dataStream, BulkCopySimpleResultSet bulkCopyHandler, TdsParserStateObject stateObj, Boolean& dataReady)
   at System.Data.SqlClient.SqlDataReader.TryConsumeMetaData()
   at System.Data.SqlClient.SqlDataReader.get_MetaData()
   at System.Data.SqlClient.SqlCommand.FinishExecuteReader(SqlDataReader ds, RunBehavior runBehavior, String resetOptionsString)
   at System.Data.SqlClient.SqlCommand.RunExecuteReaderTds(CommandBehavior cmdBehavior, RunBehavior runBehavior, Boolean returnStream, Boolean async, Int32 timeout, Task& task, Boolean asyncWrite)
   at System.Data.SqlClient.SqlCommand.RunExecuteReader(CommandBehavior cmdBehavior, RunBehavior runBehavior, Boolean returnStream, String method, TaskCompletionSource`1 completion, Int32 timeout, Task& task, Boolean asyncWrite)
   at System.Data.SqlClient.SqlCommand.RunExecuteReader(CommandBehavior cmdBehavior, RunBehavior runBehavior, Boolean returnStream, String method)
   at System.Data.SqlClient.SqlCommand.ExecuteReader(CommandBehavior behavior, String method)
   at System.Data.SqlClient.SqlCommand.ExecuteDbDataReader(CommandBehavior behavior)
   at System.Data.Common.DbCommand.System.Data.IDbCommand.ExecuteReader()
   at NHibernate.AdoNet.AbstractBatcher.ExecuteReader(IDbCommand cmd)
   at NHibernate.Loader.Loader.GetResultSet(IDbCommand st, Boolean autoDiscoverTypes, Boolean callable, RowSelection selection, ISessionImplementor session)
   at NHibernate.Loader.Loader.DoQuery(ISessionImplementor session, QueryParameters queryParameters, Boolean returnProxies)
   at NHibernate.Loader.Loader.DoQueryAndInitializeNonLazyCollections(ISessionImplementor session, QueryParameters queryParameters, Boolean returnProxies)
   at NHibernate.Loader.Loader.DoList(ISessionImplementor session, QueryParameters queryParameters)
   --- End of inner exception stack trace ---
   at NHibernate.Loader.Loader.DoList(ISessionImplementor session, QueryParameters queryParameters)
   at NHibernate.Loader.Loader.ListIgnoreQueryCache(ISessionImplementor session, QueryParameters queryParameters)
   at NHibernate.Loader.Loader.List(ISessionImplementor session, QueryParameters queryParameters, ISet`1 querySpaces, IType[] resultTypes)
   at NHibernate.Loader.Criteria.CriteriaLoader.List(ISessionImplementor session)
   at NHibernate.Impl.SessionImpl.List(CriteriaImpl criteria, IList results)
   at NHibernate.Impl.CriteriaImpl.List(IList results)
   at NHibernate.Impl.CriteriaImpl.List[T]()
   at SharpArch.NHibernate.NHibernateRepositoryWithTypedId`2.GetAll() in d:\Builds\SharpArch2\Solutions\SharpArch.NHibernate\NHibernateRepositoryWithTypedId.cs:line 179
   at WebrootUI2.Tasks.AcquireTask.GetAll() in d:\mcpayment-webui-test0-ashkgwithu-gmail.com-375a022714f3\SourceCode\WebrootUI2.Tasks\AcquireTask.cs:line 60    at NHibernate.Loader.Loader.DoList(ISessionImplementor session, QueryParameters queryParameters)
   at NHibernate.Loader.Loader.ListIgnoreQueryCache(ISessionImplementor session, QueryParameters queryParameters)
   at NHibernate.Loader.Loader.List(ISessionImplementor session, QueryParameters queryParameters, ISet`1 querySpaces, IType[] resultTypes)
   at NHibernate.Loader.Criteria.CriteriaLoader.List(ISessionImplementor session)
   at NHibernate.Impl.SessionImpl.List(CriteriaImpl criteria, IList results)
   at NHibernate.Impl.CriteriaImpl.List(IList results)
   at NHibernate.Impl.CriteriaImpl.List[T]()
   at SharpArch.NHibernate.NHibernateRepositoryWithTypedId`2.GetAll() in d:\Builds\SharpArch2\Solutions\SharpArch.NHibernate\NHibernateRepositoryWithTypedId.cs:line 179
   at WebrootUI2.Tasks.AcquireTask.GetAll() in d:\mcpayment-webui-test0-ashkgwithu-gmail.com-375a022714f3\SourceCode\WebrootUI2.Tasks\AcquireTask.cs:line 60 
08/28/2013 08:35:53 | testadminuser | Exception | NHibernate.Exceptions.GenericADOException: could not execute query
[ SELECT this_.name as name0_0_, this_.Acquire as Acquire0_0_, this_.LogicalId as LogicalId0_0_, this_.CreatedBy as CreatedBy0_0_, this_.CreatedDate as CreatedD5_0_0_, this_.LastModifiedBy as LastModi6_0_0_, this_.LastModifiedDate as LastModi7_0_0_, this_.IsDeleted as IsDeleted0_0_ FROM MCP_Acquirer this_ ]
[SQL: SELECT this_.name as name0_0_, this_.Acquire as Acquire0_0_, this_.LogicalId as LogicalId0_0_, this_.CreatedBy as CreatedBy0_0_, this_.CreatedDate as CreatedD5_0_0_, this_.LastModifiedBy as LastModi6_0_0_, this_.LastModifiedDate as LastModi7_0_0_, this_.IsDeleted as IsDeleted0_0_ FROM MCP_Acquirer this_] ---> System.Data.SqlClient.SqlException: Invalid column name 'Acquire'.
   at System.Data.SqlClient.SqlConnection.OnError(SqlException exception, Boolean breakConnection, Action`1 wrapCloseInAction)
   at System.Data.SqlClient.SqlInternalConnection.OnError(SqlException exception, Boolean breakConnection, Action`1 wrapCloseInAction)
   at System.Data.SqlClient.TdsParser.ThrowExceptionAndWarning(TdsParserStateObject stateObj, Boolean callerHasConnectionLock, Boolean asyncClose)
   at System.Data.SqlClient.TdsParser.TryRun(RunBehavior runBehavior, SqlCommand cmdHandler, SqlDataReader dataStream, BulkCopySimpleResultSet bulkCopyHandler, TdsParserStateObject stateObj, Boolean& dataReady)
   at System.Data.SqlClient.SqlDataReader.TryConsumeMetaData()
   at System.Data.SqlClient.SqlDataReader.get_MetaData()
   at System.Data.SqlClient.SqlCommand.FinishExecuteReader(SqlDataReader ds, RunBehavior runBehavior, String resetOptionsString)
   at System.Data.SqlClient.SqlCommand.RunExecuteReaderTds(CommandBehavior cmdBehavior, RunBehavior runBehavior, Boolean returnStream, Boolean async, Int32 timeout, Task& task, Boolean asyncWrite)
   at System.Data.SqlClient.SqlCommand.RunExecuteReader(CommandBehavior cmdBehavior, RunBehavior runBehavior, Boolean returnStream, String method, TaskCompletionSource`1 completion, Int32 timeout, Task& task, Boolean asyncWrite)
   at System.Data.SqlClient.SqlCommand.RunExecuteReader(CommandBehavior cmdBehavior, RunBehavior runBehavior, Boolean returnStream, String method)
   at System.Data.SqlClient.SqlCommand.ExecuteReader(CommandBehavior behavior, String method)
   at System.Data.SqlClient.SqlCommand.ExecuteDbDataReader(CommandBehavior behavior)
   at System.Data.Common.DbCommand.System.Data.IDbCommand.ExecuteReader()
   at NHibernate.AdoNet.AbstractBatcher.ExecuteReader(IDbCommand cmd)
   at NHibernate.Loader.Loader.GetResultSet(IDbCommand st, Boolean autoDiscoverTypes, Boolean callable, RowSelection selection, ISessionImplementor session)
   at NHibernate.Loader.Loader.DoQuery(ISessionImplementor session, QueryParameters queryParameters, Boolean returnProxies)
   at NHibernate.Loader.Loader.DoQueryAndInitializeNonLazyCollections(ISessionImplementor session, QueryParameters queryParameters, Boolean returnProxies)
   at NHibernate.Loader.Loader.DoList(ISessionImplementor session, QueryParameters queryParameters)
   --- End of inner exception stack trace ---
   at NHibernate.Loader.Loader.DoList(ISessionImplementor session, QueryParameters queryParameters)
   at NHibernate.Loader.Loader.ListIgnoreQueryCache(ISessionImplementor session, QueryParameters queryParameters)
   at NHibernate.Loader.Loader.List(ISessionImplementor session, QueryParameters queryParameters, ISet`1 querySpaces, IType[] resultTypes)
   at NHibernate.Loader.Criteria.CriteriaLoader.List(ISessionImplementor session)
   at NHibernate.Impl.SessionImpl.List(CriteriaImpl criteria, IList results)
   at NHibernate.Impl.CriteriaImpl.List(IList results)
   at NHibernate.Impl.CriteriaImpl.List[T]()
   at SharpArch.NHibernate.NHibernateRepositoryWithTypedId`2.GetAll() in d:\Builds\SharpArch2\Solutions\SharpArch.NHibernate\NHibernateRepositoryWithTypedId.cs:line 179
   at WebrootUI2.Tasks.AcquireTask.GetAll() in d:\mcpayment-webui-test0-ashkgwithu-gmail.com-375a022714f3\SourceCode\WebrootUI2.Tasks\AcquireTask.cs:line 60    at NHibernate.Loader.Loader.DoList(ISessionImplementor session, QueryParameters queryParameters)
   at NHibernate.Loader.Loader.ListIgnoreQueryCache(ISessionImplementor session, QueryParameters queryParameters)
   at NHibernate.Loader.Loader.List(ISessionImplementor session, QueryParameters queryParameters, ISet`1 querySpaces, IType[] resultTypes)
   at NHibernate.Loader.Criteria.CriteriaLoader.List(ISessionImplementor session)
   at NHibernate.Impl.SessionImpl.List(CriteriaImpl criteria, IList results)
   at NHibernate.Impl.CriteriaImpl.List(IList results)
   at NHibernate.Impl.CriteriaImpl.List[T]()
   at SharpArch.NHibernate.NHibernateRepositoryWithTypedId`2.GetAll() in d:\Builds\SharpArch2\Solutions\SharpArch.NHibernate\NHibernateRepositoryWithTypedId.cs:line 179
   at WebrootUI2.Tasks.AcquireTask.GetAll() in d:\mcpayment-webui-test0-ashkgwithu-gmail.com-375a022714f3\SourceCode\WebrootUI2.Tasks\AcquireTask.cs:line 60 
08/28/2013 08:40:28 | testadminuser | Exception | NHibernate.Exceptions.GenericADOException: could not execute query
[ SELECT this_.name as name0_0_, this_.Acquire as Acquire0_0_, this_.LogicalId as LogicalId0_0_, this_.CreatedBy as CreatedBy0_0_, this_.CreatedDate as CreatedD5_0_0_, this_.LastModifiedBy as LastModi6_0_0_, this_.LastModifiedDate as LastModi7_0_0_, this_.IsDeleted as IsDeleted0_0_ FROM MCP_Acquirer this_ ]
[SQL: SELECT this_.name as name0_0_, this_.Acquire as Acquire0_0_, this_.LogicalId as LogicalId0_0_, this_.CreatedBy as CreatedBy0_0_, this_.CreatedDate as CreatedD5_0_0_, this_.LastModifiedBy as LastModi6_0_0_, this_.LastModifiedDate as LastModi7_0_0_, this_.IsDeleted as IsDeleted0_0_ FROM MCP_Acquirer this_] ---> System.Data.SqlClient.SqlException: Invalid column name 'Acquire'.
   at System.Data.SqlClient.SqlConnection.OnError(SqlException exception, Boolean breakConnection, Action`1 wrapCloseInAction)
   at System.Data.SqlClient.SqlInternalConnection.OnError(SqlException exception, Boolean breakConnection, Action`1 wrapCloseInAction)
   at System.Data.SqlClient.TdsParser.ThrowExceptionAndWarning(TdsParserStateObject stateObj, Boolean callerHasConnectionLock, Boolean asyncClose)
   at System.Data.SqlClient.TdsParser.TryRun(RunBehavior runBehavior, SqlCommand cmdHandler, SqlDataReader dataStream, BulkCopySimpleResultSet bulkCopyHandler, TdsParserStateObject stateObj, Boolean& dataReady)
   at System.Data.SqlClient.SqlDataReader.TryConsumeMetaData()
   at System.Data.SqlClient.SqlDataReader.get_MetaData()
   at System.Data.SqlClient.SqlCommand.FinishExecuteReader(SqlDataReader ds, RunBehavior runBehavior, String resetOptionsString)
   at System.Data.SqlClient.SqlCommand.RunExecuteReaderTds(CommandBehavior cmdBehavior, RunBehavior runBehavior, Boolean returnStream, Boolean async, Int32 timeout, Task& task, Boolean asyncWrite)
   at System.Data.SqlClient.SqlCommand.RunExecuteReader(CommandBehavior cmdBehavior, RunBehavior runBehavior, Boolean returnStream, String method, TaskCompletionSource`1 completion, Int32 timeout, Task& task, Boolean asyncWrite)
   at System.Data.SqlClient.SqlCommand.RunExecuteReader(CommandBehavior cmdBehavior, RunBehavior runBehavior, Boolean returnStream, String method)
   at System.Data.SqlClient.SqlCommand.ExecuteReader(CommandBehavior behavior, String method)
   at System.Data.SqlClient.SqlCommand.ExecuteDbDataReader(CommandBehavior behavior)
   at System.Data.Common.DbCommand.System.Data.IDbCommand.ExecuteReader()
   at NHibernate.AdoNet.AbstractBatcher.ExecuteReader(IDbCommand cmd)
   at NHibernate.Loader.Loader.GetResultSet(IDbCommand st, Boolean autoDiscoverTypes, Boolean callable, RowSelection selection, ISessionImplementor session)
   at NHibernate.Loader.Loader.DoQuery(ISessionImplementor session, QueryParameters queryParameters, Boolean returnProxies)
   at NHibernate.Loader.Loader.DoQueryAndInitializeNonLazyCollections(ISessionImplementor session, QueryParameters queryParameters, Boolean returnProxies)
   at NHibernate.Loader.Loader.DoList(ISessionImplementor session, QueryParameters queryParameters)
   --- End of inner exception stack trace ---
   at NHibernate.Loader.Loader.DoList(ISessionImplementor session, QueryParameters queryParameters)
   at NHibernate.Loader.Loader.ListIgnoreQueryCache(ISessionImplementor session, QueryParameters queryParameters)
   at NHibernate.Loader.Loader.List(ISessionImplementor session, QueryParameters queryParameters, ISet`1 querySpaces, IType[] resultTypes)
   at NHibernate.Loader.Criteria.CriteriaLoader.List(ISessionImplementor session)
   at NHibernate.Impl.SessionImpl.List(CriteriaImpl criteria, IList results)
   at NHibernate.Impl.CriteriaImpl.List(IList results)
   at NHibernate.Impl.CriteriaImpl.List[T]()
   at SharpArch.NHibernate.NHibernateRepositoryWithTypedId`2.GetAll() in d:\Builds\SharpArch2\Solutions\SharpArch.NHibernate\NHibernateRepositoryWithTypedId.cs:line 179
   at WebrootUI2.Tasks.AcquireTask.GetAll() in d:\mcpayment-webui-test0-ashkgwithu-gmail.com-375a022714f3\SourceCode\WebrootUI2.Tasks\AcquireTask.cs:line 60    at NHibernate.Loader.Loader.DoList(ISessionImplementor session, QueryParameters queryParameters)
   at NHibernate.Loader.Loader.ListIgnoreQueryCache(ISessionImplementor session, QueryParameters queryParameters)
   at NHibernate.Loader.Loader.List(ISessionImplementor session, QueryParameters queryParameters, ISet`1 querySpaces, IType[] resultTypes)
   at NHibernate.Loader.Criteria.CriteriaLoader.List(ISessionImplementor session)
   at NHibernate.Impl.SessionImpl.List(CriteriaImpl criteria, IList results)
   at NHibernate.Impl.CriteriaImpl.List(IList results)
   at NHibernate.Impl.CriteriaImpl.List[T]()
   at SharpArch.NHibernate.NHibernateRepositoryWithTypedId`2.GetAll() in d:\Builds\SharpArch2\Solutions\SharpArch.NHibernate\NHibernateRepositoryWithTypedId.cs:line 179
   at WebrootUI2.Tasks.AcquireTask.GetAll() in d:\mcpayment-webui-test0-ashkgwithu-gmail.com-375a022714f3\SourceCode\WebrootUI2.Tasks\AcquireTask.cs:line 60 
08/28/2013 08:45:34 | testadminuser | Exception | NHibernate.Exceptions.GenericADOException: could not execute query
[ SELECT this_.Id as Id0_0_, this_.Acquire as Acquire0_0_, this_.name as name0_0_, this_.LogicalId as LogicalId0_0_, this_.CreatedBy as CreatedBy0_0_, this_.CreatedDate as CreatedD6_0_0_, this_.LastModifiedBy as LastModi7_0_0_, this_.LastModifiedDate as LastModi8_0_0_, this_.IsDeleted as IsDeleted0_0_ FROM MCP_Acquirer this_ ]
[SQL: SELECT this_.Id as Id0_0_, this_.Acquire as Acquire0_0_, this_.name as name0_0_, this_.LogicalId as LogicalId0_0_, this_.CreatedBy as CreatedBy0_0_, this_.CreatedDate as CreatedD6_0_0_, this_.LastModifiedBy as LastModi7_0_0_, this_.LastModifiedDate as LastModi8_0_0_, this_.IsDeleted as IsDeleted0_0_ FROM MCP_Acquirer this_] ---> System.Data.SqlClient.SqlException: Invalid column name 'Acquire'.
   at System.Data.SqlClient.SqlConnection.OnError(SqlException exception, Boolean breakConnection, Action`1 wrapCloseInAction)
   at System.Data.SqlClient.SqlInternalConnection.OnError(SqlException exception, Boolean breakConnection, Action`1 wrapCloseInAction)
   at System.Data.SqlClient.TdsParser.ThrowExceptionAndWarning(TdsParserStateObject stateObj, Boolean callerHasConnectionLock, Boolean asyncClose)
   at System.Data.SqlClient.TdsParser.TryRun(RunBehavior runBehavior, SqlCommand cmdHandler, SqlDataReader dataStream, BulkCopySimpleResultSet bulkCopyHandler, TdsParserStateObject stateObj, Boolean& dataReady)
   at System.Data.SqlClient.SqlDataReader.TryConsumeMetaData()
   at System.Data.SqlClient.SqlDataReader.get_MetaData()
   at System.Data.SqlClient.SqlCommand.FinishExecuteReader(SqlDataReader ds, RunBehavior runBehavior, String resetOptionsString)
   at System.Data.SqlClient.SqlCommand.RunExecuteReaderTds(CommandBehavior cmdBehavior, RunBehavior runBehavior, Boolean returnStream, Boolean async, Int32 timeout, Task& task, Boolean asyncWrite)
   at System.Data.SqlClient.SqlCommand.RunExecuteReader(CommandBehavior cmdBehavior, RunBehavior runBehavior, Boolean returnStream, String method, TaskCompletionSource`1 completion, Int32 timeout, Task& task, Boolean asyncWrite)
   at System.Data.SqlClient.SqlCommand.RunExecuteReader(CommandBehavior cmdBehavior, RunBehavior runBehavior, Boolean returnStream, String method)
   at System.Data.SqlClient.SqlCommand.ExecuteReader(CommandBehavior behavior, String method)
   at System.Data.SqlClient.SqlCommand.ExecuteDbDataReader(CommandBehavior behavior)
   at System.Data.Common.DbCommand.System.Data.IDbCommand.ExecuteReader()
   at NHibernate.AdoNet.AbstractBatcher.ExecuteReader(IDbCommand cmd)
   at NHibernate.Loader.Loader.GetResultSet(IDbCommand st, Boolean autoDiscoverTypes, Boolean callable, RowSelection selection, ISessionImplementor session)
   at NHibernate.Loader.Loader.DoQuery(ISessionImplementor session, QueryParameters queryParameters, Boolean returnProxies)
   at NHibernate.Loader.Loader.DoQueryAndInitializeNonLazyCollections(ISessionImplementor session, QueryParameters queryParameters, Boolean returnProxies)
   at NHibernate.Loader.Loader.DoList(ISessionImplementor session, QueryParameters queryParameters)
   --- End of inner exception stack trace ---
   at NHibernate.Loader.Loader.DoList(ISessionImplementor session, QueryParameters queryParameters)
   at NHibernate.Loader.Loader.ListIgnoreQueryCache(ISessionImplementor session, QueryParameters queryParameters)
   at NHibernate.Loader.Loader.List(ISessionImplementor session, QueryParameters queryParameters, ISet`1 querySpaces, IType[] resultTypes)
   at NHibernate.Loader.Criteria.CriteriaLoader.List(ISessionImplementor session)
   at NHibernate.Impl.SessionImpl.List(CriteriaImpl criteria, IList results)
   at NHibernate.Impl.CriteriaImpl.List(IList results)
   at NHibernate.Impl.CriteriaImpl.List[T]()
   at SharpArch.NHibernate.NHibernateRepositoryWithTypedId`2.GetAll() in d:\Builds\SharpArch2\Solutions\SharpArch.NHibernate\NHibernateRepositoryWithTypedId.cs:line 179
   at WebrootUI2.Tasks.AcquireTask.GetAll() in d:\mcpayment-webui-test0-ashkgwithu-gmail.com-375a022714f3\SourceCode\WebrootUI2.Tasks\AcquireTask.cs:line 60    at NHibernate.Loader.Loader.DoList(ISessionImplementor session, QueryParameters queryParameters)
   at NHibernate.Loader.Loader.ListIgnoreQueryCache(ISessionImplementor session, QueryParameters queryParameters)
   at NHibernate.Loader.Loader.List(ISessionImplementor session, QueryParameters queryParameters, ISet`1 querySpaces, IType[] resultTypes)
   at NHibernate.Loader.Criteria.CriteriaLoader.List(ISessionImplementor session)
   at NHibernate.Impl.SessionImpl.List(CriteriaImpl criteria, IList results)
   at NHibernate.Impl.CriteriaImpl.List(IList results)
   at NHibernate.Impl.CriteriaImpl.List[T]()
   at SharpArch.NHibernate.NHibernateRepositoryWithTypedId`2.GetAll() in d:\Builds\SharpArch2\Solutions\SharpArch.NHibernate\NHibernateRepositoryWithTypedId.cs:line 179
   at WebrootUI2.Tasks.AcquireTask.GetAll() in d:\mcpayment-webui-test0-ashkgwithu-gmail.com-375a022714f3\SourceCode\WebrootUI2.Tasks\AcquireTask.cs:line 60 
